New log file opened at Wed Jul 29 11:52:29 CDT 2015 by 3708@Taamneh
Taking next connection to: 50623
New client attempting to connect on port: 50624-50623
  Address = /192.168.1.10:50623
This client on port 50624 has uuid 66a669ea-0c21-401d-8875-20e6f9bfaa39 configName activator humanReadableName Activator protocolVersion 3 featureTags Vector()
Connected Clients: activator-66a669ea-0c21-401d-8875-20e6f9bfaa39
Taking next connection to: 50623
New client attempting to connect on port: 50625-50623
  Address = /192.168.1.10:50623
Handshake exception on socket: 50625
sbt.impl.ipc.HandshakeException: Unable to perform handshake
	at sbt.impl.ipc.Peer.handshake(IPC.scala:46)
	at sbt.impl.ipc.MultiClientServer.<init>(IPC.scala:150)
	at sbt.server.SbtServerSocketHandler$$anon$1.run(SbtServerSocketHandler.scala:43)
Caused by: java.net.SocketException: Software caused connection abort: recv failed
	at java.net.SocketInputStream.socketRead0(Native Method)
	at java.net.SocketInputStream.socketRead(Unknown Source)
	at java.net.SocketInputStream.read(Unknown Source)
	at java.net.SocketInputStream.read(Unknown Source)
	at java.io.BufferedInputStream.fill(Unknown Source)
	at java.io.BufferedInputStream.read(Unknown Source)
	at java.io.DataInputStream.readInt(Unknown Source)
	at sbt.impl.ipc.Peer.receive(IPC.scala:95)
	at sbt.impl.ipc.Peer.handshake(IPC.scala:49)
	... 2 more
Taking next connection to: 50623
New client attempting to connect on port: 50626-50623
  Address = /192.168.1.10:50623
This client on port 50626 has uuid 29f7ba67-b59f-408d-9368-a94d2a3ca221 configName activator humanReadableName Activator protocolVersion 3 featureTags Vector()
Connected Clients: activator-66a669ea-0c21-401d-8875-20e6f9bfaa39, activator-29f7ba67-b59f-408d-9368-a94d2a3ca221
Taking next connection to: 50623
Checking to see if clients are empty...
We have 1 non-daemon clients, continuing serving connections.
Taking next connection to: 50623
Checking to see if clients are empty...
We have 1 non-daemon clients, continuing serving connections.
Taking next connection to: 50623
Checking to see if clients are empty...
We have 1 non-daemon clients, continuing serving connections.
Taking next connection to: 50623
Checking to see if clients are empty...
We have 1 non-daemon clients, continuing serving connections.
Taking next connection to: 50623
Checking to see if clients are empty...
We have 1 non-daemon clients, continuing serving connections.
Taking next connection to: 50623
Checking to see if clients are empty...
We have 1 non-daemon clients, continuing serving connections.
Taking next connection to: 50623
Checking to see if clients are empty...
We have 1 non-daemon clients, continuing serving connections.
Taking next connection to: 50623
Checking to see if clients are empty...
We have 1 non-daemon clients, continuing serving connections.
Taking next connection to: 50623
