New log file opened at Wed Jul 29 10:17:34 CDT 2015 by 4768@Taamneh
jvm 4768@Taamneh
jvm vmName=Java HotSpot(TM) 64-Bit Server VM vmVendor=Oracle Corporation vmVersion=25.45-b02
jvm specName=Java Virtual Machine Specification specVendor=Oracle Corporation specVersion=1.8
jvm arguments: [-Xms256m, -Xmx1024m, -XX:MetaspaceSize=64m, -XX:MaxMetaspaceSize=256m]
Starting event engine
Starting sbt command engine
Waiting for sbt command engine
Command engine arguments=List()
Command engine baseDirectory=C:\Users\Salah\Desktop\activator-dist-1.3.5\lost-messages
Command engine initial remaining commands List(--initialize, onFailure load-failed, boot, server-send-ready-for-request, server-handle-next-server-request)
> --initialize
> initialize
> onFailure load-failed
> boot
> reload
[Loading] Scanning directory C:\Users\Salah\Desktop\activator-dist-1.3.5\lost-messages\project
[Loading] Found non-root projects 
[Loading] Done in C:\Users\Salah\Desktop\activator-dist-1.3.5\lost-messages\project, returning: ()
deducing auto plugins based on known facts Set(Atom(sbt.plugins.CorePlugin)) and clauses Clauses(List(Clause(Atom(sbt.plugins.JvmPlugin),Set(Atom(sbt.plugins.IvyPlugin))), Clause(Atom(sbt.plugins.JUnitXmlReportPlugin),Set(Atom(sbt.plugins.JvmPlugin))), Clause(Atom(sbt.plugins.CorePlugin),Set(Atom(sbt.plugins.IvyPlugin))), Clause(Atom(sbt.plugins.IvyPlugin),Set(Atom(sbt.plugins.JvmPlugin))), Clause(Atom(sbt.plugins.JvmPlugin),Set(Atom(sbt.plugins.JUnitXmlReportPlugin)))))
  :: deduced result: Matched(sbt.plugins.CorePlugin,sbt.plugins.IvyPlugin,sbt.plugins.JvmPlugin,sbt.plugins.JUnitXmlReportPlugin)
sorting: ns: List(sbt.plugins.CorePlugin, sbt.plugins.IvyPlugin, sbt.plugins.JvmPlugin, sbt.plugins.JUnitXmlReportPlugin)
  :: sorting:: found: List(sbt.plugins.CorePlugin) not found List(sbt.plugins.IvyPlugin, sbt.plugins.JvmPlugin, sbt.plugins.JUnitXmlReportPlugin)
  :: sorting:: found: List(sbt.plugins.CorePlugin, sbt.plugins.IvyPlugin) not found List(sbt.plugins.JvmPlugin, sbt.plugins.JUnitXmlReportPlugin)
  :: sorting:: found: List(sbt.plugins.CorePlugin, sbt.plugins.IvyPlugin, sbt.plugins.JvmPlugin) not found List(sbt.plugins.JUnitXmlReportPlugin)
  :: sorting:: found: List(sbt.plugins.CorePlugin, sbt.plugins.IvyPlugin, sbt.plugins.JvmPlugin, sbt.plugins.JUnitXmlReportPlugin) not found List()
  :: sorted deduced result: List(sbt.plugins.CorePlugin, sbt.plugins.IvyPlugin, sbt.plugins.JvmPlugin, sbt.plugins.JUnitXmlReportPlugin)
[Loading] Done in C:\Users\Salah\Desktop\activator-dist-1.3.5\lost-messages\project, returning: (lost-messages-build)
Loading project definition from C:\Users\Salah\Desktop\activator-dist-1.3.5\lost-messages\project
Running task... Cancel: sbt.TaskCancellationStrategy$Null$@29af637c, check cycles: false

Initial source changes: 
	removed:Set()
	added: Set()
	modified: Set()
Removed products: Set()
External API changes: API Changes: Set()
Modified binary dependencies: Set()
Initial directly invalidated sources: Set()

Sources indirectly invalidated by:
	product: Set()
	binary dep: Set()
	external source: Set()
All initially invalidated sources: Set()

Copy resource mappings: 
	
[Loading] Scanning directory C:\Users\Salah\Desktop\activator-dist-1.3.5\lost-messages
[Loading] Found non-root projects 
[Loading] Done in C:\Users\Salah\Desktop\activator-dist-1.3.5\lost-messages, returning: ()
deducing auto plugins based on known facts Set(Atom(sbt.plugins.CorePlugin)) and clauses Clauses(List(Clause(Atom(sbt.plugins.JvmPlugin),Set(Atom(sbt.plugins.IvyPlugin))), Clause(Atom(sbt.plugins.JUnitXmlReportPlugin),Set(Atom(sbt.plugins.JvmPlugin))), Clause(Atom(sbt.plugins.BackgroundRunPlugin),Set(Atom(sbt.plugins.JvmPlugin))), Clause(Atom(sbt.plugins.CorePlugin),Set(Atom(sbt.plugins.IvyPlugin))), Clause(Atom(sbt.plugins.IvyPlugin),Set(Atom(sbt.plugins.JvmPlugin))), Clause(Atom(sbt.plugins.JvmPlugin),Set(Atom(sbt.plugins.JUnitXmlReportPlugin))), Clause(Atom(sbt.plugins.JvmPlugin),Set(Atom(sbt.plugins.BackgroundRunPlugin))), Clause(Atom(sbt.plugins.CorePlugin),Set(Atom(sbt.plugins.InteractionServicePlugin))), Clause(Atom(sbt.plugins.CorePlugin),Set(Atom(sbt.plugins.SendEventServicePlugin))), Clause(Atom(sbt.plugins.CorePlugin),Set(Atom(sbt.plugins.SerializersPlugin)))))
  :: deduced result: Matched(sbt.plugins.CorePlugin,sbt.plugins.SerializersPlugin,sbt.plugins.SendEventServicePlugin,sbt.plugins.InteractionServicePlugin,sbt.plugins.IvyPlugin,sbt.plugins.JvmPlugin,sbt.plugins.BackgroundRunPlugin,sbt.plugins.JUnitXmlReportPlugin)
sorting: ns: List(sbt.plugins.CorePlugin, sbt.plugins.SerializersPlugin, sbt.plugins.SendEventServicePlugin, sbt.plugins.InteractionServicePlugin, sbt.plugins.IvyPlugin, sbt.plugins.JvmPlugin, sbt.plugins.BackgroundRunPlugin, sbt.plugins.JUnitXmlReportPlugin)
  :: sorting:: found: List(sbt.plugins.CorePlugin) not found List(sbt.plugins.SerializersPlugin, sbt.plugins.SendEventServicePlugin, sbt.plugins.InteractionServicePlugin, sbt.plugins.IvyPlugin, sbt.plugins.JvmPlugin, sbt.plugins.BackgroundRunPlugin, sbt.plugins.JUnitXmlReportPlugin)
  :: sorting:: found: List(sbt.plugins.CorePlugin, sbt.plugins.SerializersPlugin, sbt.plugins.SendEventServicePlugin, sbt.plugins.InteractionServicePlugin, sbt.plugins.IvyPlugin) not found List(sbt.plugins.JvmPlugin, sbt.plugins.BackgroundRunPlugin, sbt.plugins.JUnitXmlReportPlugin)
  :: sorting:: found: List(sbt.plugins.CorePlugin, sbt.plugins.SerializersPlugin, sbt.plugins.SendEventServicePlugin, sbt.plugins.InteractionServicePlugin, sbt.plugins.IvyPlugin, sbt.plugins.JvmPlugin) not found List(sbt.plugins.BackgroundRunPlugin, sbt.plugins.JUnitXmlReportPlugin)
  :: sorting:: found: List(sbt.plugins.CorePlugin, sbt.plugins.SerializersPlugin, sbt.plugins.SendEventServicePlugin, sbt.plugins.InteractionServicePlugin, sbt.plugins.IvyPlugin, sbt.plugins.JvmPlugin, sbt.plugins.BackgroundRunPlugin, sbt.plugins.JUnitXmlReportPlugin) not found List()
  :: sorted deduced result: List(sbt.plugins.CorePlugin, sbt.plugins.SerializersPlugin, sbt.plugins.SendEventServicePlugin, sbt.plugins.InteractionServicePlugin, sbt.plugins.IvyPlugin, sbt.plugins.JvmPlugin, sbt.plugins.BackgroundRunPlugin, sbt.plugins.JUnitXmlReportPlugin)
[Loading] Done in C:\Users\Salah\Desktop\activator-dist-1.3.5\lost-messages, returning: (lost-messages)
Set current project to lost-messages (in build file:/C:/Users/Salah/Desktop/activator-dist-1.3.5/lost-messages/)
Reapplying settings...
Set current project to lost-messages (in build file:/C:/Users/Salah/Desktop/activator-dist-1.3.5/lost-messages/)
> iflast shell
> server-send-ready-for-request
> server-handle-next-server-request
> {file:/C:/Users/Salah/Desktop/activator-dist-1.3.5/lost-messages/}lost-messages/compile:discoveredMainClasses
Evaluating tasks: compile:discoveredMainClasses
Running task... Cancel: sbt.server.ServerTaskCancellation@f616008, check cycles: false

Initial source changes: 
	removed:Set()
	added: Set()
	modified: Set(C:\Users\Salah\Desktop\activator-dist-1.3.5\lost-messages\src\main\scala\com\example\FsmSimpleRedelivery.scala)
Removed products: Set()
External API changes: API Changes: Set()
Modified binary dependencies: Set()
Initial directly invalidated sources: Set(C:\Users\Salah\Desktop\activator-dist-1.3.5\lost-messages\src\main\scala\com\example\FsmSimpleRedelivery.scala)

Sources indirectly invalidated by:
	product: Set()
	binary dep: Set()
	external source: Set()
All initially invalidated sources: Set(C:\Users\Salah\Desktop\activator-dist-1.3.5\lost-messages\src\main\scala\com\example\FsmSimpleRedelivery.scala)

Recompiling all 1 sources: invalidated sources (1) exceeded 50.0% of all sources
Read from stdout: Compiling 1 Scala source to C:\Users\Salah\Desktop\activator-dist-1.3.5\lost-messages\target\scala-2.11\classes...
Compiling 1 Scala source to C:\Users\Salah\Desktop\activator-dist-1.3.5\lost-messages\target\scala-2.11\classes...
Getting compiler-interface from component compiler for Scala 2.11.6
Other repositories:
Default repositories:
Getting compiler-interface from component compiler for Scala 2.11.6
Other repositories:
Default repositories:
Running cached compiler 61885df5, interfacing (CompilerInterface) with Scala compiler version 2.11.6
Calling Scala compiler with arguments  (CompilerInterface):
	-bootclasspath
	C:\Program Files\Java\jre1.8.0_45\lib\resources.jar;C:\Program Files\Java\jre1.8.0_45\lib\rt.jar;C:\Program Files\Java\jre1.8.0_45\lib\sunrsasign.jar;C:\Program Files\Java\jre1.8.0_45\lib\jsse.jar;C:\Program Files\Java\jre1.8.0_45\lib\jce.jar;C:\Program Files\Java\jre1.8.0_45\lib\charsets.jar;C:\Program Files\Java\jre1.8.0_45\lib\jfr.jar;C:\Program Files\Java\jre1.8.0_45\classes;C:\Users\Salah\.ivy2\cache\org.scala-lang\scala-library\jars\scala-library-2.11.6.jar
	-classpath
	C:\Users\Salah\Desktop\activator-dist-1.3.5\lost-messages\target\scala-2.11\classes;C:\Users\Salah\Desktop\activator-dist-1.3.5\repository\com.typesafe.akka\akka-actor_2.11\2.3.11\jars\akka-actor_2.11.jar;C:\Users\Salah\.ivy2\cache\com.typesafe\config\bundles\config-1.2.1.jar
Read from stdout: C:\Users\Salah\Desktop\activator-dist-1.3.5\lost-messages\src\main\scala\com\example\FsmSimpleRedelivery.scala:182: Cannot find an implicit ExecutionContext. You might pass
Read from stdout: an (implicit ec: ExecutionContext) parameter to your method
Read from stdout: or import scala.concurrent.ExecutionContext.Implicits.global.
C:\Users\Salah\Desktop\activator-dist-1.3.5\lost-messages\src\main\scala\com\example\FsmSimpleRedelivery.scala:182: Cannot find an implicit ExecutionContext. You might pass
an (implicit ec: ExecutionContext) parameter to your method
or import scala.concurrent.ExecutionContext.Implicits.global.
Read from stdout: context.system.scheduler.scheduleOnce(2 seconds, self, SimpleOrderedRedeliverer.Ackable(from, msg, uuid, seq))      
        context.system.scheduler.scheduleOnce(2 seconds, self, SimpleOrderedRedeliverer.Ackable(from, msg, uuid, seq))      
Read from stdout: ^
                                             ^
Read from stdout: one error found
one error found
Compilation failed (CompilerInterface)
Read from stdout: (compile:compileIncremental) Compilation failed
(compile:compileIncremental) Compilation failed
Total time: 20 s, completed Jul 29, 2015 10:18:16 AM
> server-post-command-error-handler
> server-post-command-cleanup
> server-handle-next-server-request
> {file:/C:/Users/Salah/Desktop/activator-dist-1.3.5/lost-messages/}lost-messages/compile:mainClass
Evaluating tasks: compile:mainClass
Running task... Cancel: sbt.server.ServerTaskCancellation@995f892, check cycles: false

Initial source changes: 
	removed:Set()
	added: Set()
	modified: Set(C:\Users\Salah\Desktop\activator-dist-1.3.5\lost-messages\src\main\scala\com\example\FsmSimpleRedelivery.scala)
Removed products: Set()
External API changes: API Changes: Set()
Modified binary dependencies: Set()
Initial directly invalidated sources: Set(C:\Users\Salah\Desktop\activator-dist-1.3.5\lost-messages\src\main\scala\com\example\FsmSimpleRedelivery.scala)

Sources indirectly invalidated by:
	product: Set()
	binary dep: Set()
	external source: Set()
All initially invalidated sources: Set(C:\Users\Salah\Desktop\activator-dist-1.3.5\lost-messages\src\main\scala\com\example\FsmSimpleRedelivery.scala)

Recompiling all 1 sources: invalidated sources (1) exceeded 50.0% of all sources
Read from stdout: Compiling 1 Scala source to C:\Users\Salah\Desktop\activator-dist-1.3.5\lost-messages\target\scala-2.11\classes...
Compiling 1 Scala source to C:\Users\Salah\Desktop\activator-dist-1.3.5\lost-messages\target\scala-2.11\classes...
Getting compiler-interface from component compiler for Scala 2.11.6
Other repositories:
Default repositories:
Getting compiler-interface from component compiler for Scala 2.11.6
Other repositories:
Default repositories:
Running cached compiler 38922402, interfacing (CompilerInterface) with Scala compiler version 2.11.6
Calling Scala compiler with arguments  (CompilerInterface):
	-bootclasspath
	C:\Program Files\Java\jre1.8.0_45\lib\resources.jar;C:\Program Files\Java\jre1.8.0_45\lib\rt.jar;C:\Program Files\Java\jre1.8.0_45\lib\sunrsasign.jar;C:\Program Files\Java\jre1.8.0_45\lib\jsse.jar;C:\Program Files\Java\jre1.8.0_45\lib\jce.jar;C:\Program Files\Java\jre1.8.0_45\lib\charsets.jar;C:\Program Files\Java\jre1.8.0_45\lib\jfr.jar;C:\Program Files\Java\jre1.8.0_45\classes;C:\Users\Salah\.ivy2\cache\org.scala-lang\scala-library\jars\scala-library-2.11.6.jar
	-classpath
	C:\Users\Salah\Desktop\activator-dist-1.3.5\lost-messages\target\scala-2.11\classes;C:\Users\Salah\Desktop\activator-dist-1.3.5\repository\com.typesafe.akka\akka-actor_2.11\2.3.11\jars\akka-actor_2.11.jar;C:\Users\Salah\.ivy2\cache\com.typesafe\config\bundles\config-1.2.1.jar
Read from stdout: C:\Users\Salah\Desktop\activator-dist-1.3.5\lost-messages\src\main\scala\com\example\FsmSimpleRedelivery.scala:182: Cannot find an implicit ExecutionContext. You might pass
Read from stdout: an (implicit ec: ExecutionContext) parameter to your method
Read from stdout: or import scala.concurrent.ExecutionContext.Implicits.global.
C:\Users\Salah\Desktop\activator-dist-1.3.5\lost-messages\src\main\scala\com\example\FsmSimpleRedelivery.scala:182: Cannot find an implicit ExecutionContext. You might pass
an (implicit ec: ExecutionContext) parameter to your method
or import scala.concurrent.ExecutionContext.Implicits.global.
Read from stdout: context.system.scheduler.scheduleOnce(2 seconds, self, SimpleOrderedRedeliverer.Ackable(from, msg, uuid, seq))      
        context.system.scheduler.scheduleOnce(2 seconds, self, SimpleOrderedRedeliverer.Ackable(from, msg, uuid, seq))      
Read from stdout: ^
                                             ^
Read from stdout: one error found
one error found
Compilation failed (CompilerInterface)
Read from stdout: (compile:compileIncremental) Compilation failed
(compile:compileIncremental) Compilation failed
Total time: 14 s, completed Jul 29, 2015 10:18:31 AM
> server-post-command-error-handler
> server-post-command-cleanup
> server-handle-next-server-request
> compile
Evaluating tasks: compile:compile
Running task... Cancel: sbt.server.ServerTaskCancellation@647977ea, check cycles: false

Initial source changes: 
	removed:Set()
	added: Set()
	modified: Set(C:\Users\Salah\Desktop\activator-dist-1.3.5\lost-messages\src\main\scala\com\example\FsmSimpleRedelivery.scala)
Removed products: Set()
External API changes: API Changes: Set()
Modified binary dependencies: Set()
Initial directly invalidated sources: Set(C:\Users\Salah\Desktop\activator-dist-1.3.5\lost-messages\src\main\scala\com\example\FsmSimpleRedelivery.scala)

Sources indirectly invalidated by:
	product: Set()
	binary dep: Set()
	external source: Set()
All initially invalidated sources: Set(C:\Users\Salah\Desktop\activator-dist-1.3.5\lost-messages\src\main\scala\com\example\FsmSimpleRedelivery.scala)

Recompiling all 1 sources: invalidated sources (1) exceeded 50.0% of all sources
Read from stdout: Compiling 1 Scala source to C:\Users\Salah\Desktop\activator-dist-1.3.5\lost-messages\target\scala-2.11\classes...
Compiling 1 Scala source to C:\Users\Salah\Desktop\activator-dist-1.3.5\lost-messages\target\scala-2.11\classes...
Getting compiler-interface from component compiler for Scala 2.11.6
Other repositories:
Default repositories:
Getting compiler-interface from component compiler for Scala 2.11.6
Other repositories:
Default repositories:
Running cached compiler 2f5d1255, interfacing (CompilerInterface) with Scala compiler version 2.11.6
Calling Scala compiler with arguments  (CompilerInterface):
	-bootclasspath
	C:\Program Files\Java\jre1.8.0_45\lib\resources.jar;C:\Program Files\Java\jre1.8.0_45\lib\rt.jar;C:\Program Files\Java\jre1.8.0_45\lib\sunrsasign.jar;C:\Program Files\Java\jre1.8.0_45\lib\jsse.jar;C:\Program Files\Java\jre1.8.0_45\lib\jce.jar;C:\Program Files\Java\jre1.8.0_45\lib\charsets.jar;C:\Program Files\Java\jre1.8.0_45\lib\jfr.jar;C:\Program Files\Java\jre1.8.0_45\classes;C:\Users\Salah\.ivy2\cache\org.scala-lang\scala-library\jars\scala-library-2.11.6.jar
	-classpath
	C:\Users\Salah\Desktop\activator-dist-1.3.5\lost-messages\target\scala-2.11\classes;C:\Users\Salah\Desktop\activator-dist-1.3.5\repository\com.typesafe.akka\akka-actor_2.11\2.3.11\jars\akka-actor_2.11.jar;C:\Users\Salah\.ivy2\cache\com.typesafe\config\bundles\config-1.2.1.jar
Read from stdout: C:\Users\Salah\Desktop\activator-dist-1.3.5\lost-messages\src\main\scala\com\example\FsmSimpleRedelivery.scala:179: Cannot find an implicit ExecutionContext. You might pass
Read from stdout: an (implicit ec: ExecutionContext) parameter to your method
Read from stdout: or import scala.concurrent.ExecutionContext.Implicits.global.
C:\Users\Salah\Desktop\activator-dist-1.3.5\lost-messages\src\main\scala\com\example\FsmSimpleRedelivery.scala:179: Cannot find an implicit ExecutionContext. You might pass
an (implicit ec: ExecutionContext) parameter to your method
or import scala.concurrent.ExecutionContext.Implicits.global.
Read from stdout: context.system.scheduler.scheduleOnce(3.seconds, self, SimpleOrderedRedeliverer.Ackable(from, msg, uuid, seq))
        context.system.scheduler.scheduleOnce(3.seconds, self, SimpleOrderedRedeliverer.Ackable(from, msg, uuid, seq))
Read from stdout: ^
                                             ^
Read from stdout: one error found
one error found
Compilation failed (CompilerInterface)
Read from stdout: (compile:compileIncremental) Compilation failed
(compile:compileIncremental) Compilation failed
Total time: 5 s, completed Jul 29, 2015 10:20:07 AM
> server-post-command-error-handler
> server-post-command-cleanup
> server-handle-next-server-request
> compile
Evaluating tasks: compile:compile
Running task... Cancel: sbt.server.ServerTaskCancellation@452484e4, check cycles: false

Initial source changes: 
	removed:Set()
	added: Set()
	modified: Set(C:\Users\Salah\Desktop\activator-dist-1.3.5\lost-messages\src\main\scala\com\example\FsmSimpleRedelivery.scala)
Removed products: Set()
External API changes: API Changes: Set()
Modified binary dependencies: Set()
Initial directly invalidated sources: Set(C:\Users\Salah\Desktop\activator-dist-1.3.5\lost-messages\src\main\scala\com\example\FsmSimpleRedelivery.scala)

Sources indirectly invalidated by:
	product: Set()
	binary dep: Set()
	external source: Set()
All initially invalidated sources: Set(C:\Users\Salah\Desktop\activator-dist-1.3.5\lost-messages\src\main\scala\com\example\FsmSimpleRedelivery.scala)

Recompiling all 1 sources: invalidated sources (1) exceeded 50.0% of all sources
Read from stdout: Compiling 1 Scala source to C:\Users\Salah\Desktop\activator-dist-1.3.5\lost-messages\target\scala-2.11\classes...
Compiling 1 Scala source to C:\Users\Salah\Desktop\activator-dist-1.3.5\lost-messages\target\scala-2.11\classes...
Getting compiler-interface from component compiler for Scala 2.11.6
Other repositories:
Default repositories:
Getting compiler-interface from component compiler for Scala 2.11.6
Other repositories:
Default repositories:
Running cached compiler 46f6eddd, interfacing (CompilerInterface) with Scala compiler version 2.11.6
Calling Scala compiler with arguments  (CompilerInterface):
	-bootclasspath
	C:\Program Files\Java\jre1.8.0_45\lib\resources.jar;C:\Program Files\Java\jre1.8.0_45\lib\rt.jar;C:\Program Files\Java\jre1.8.0_45\lib\sunrsasign.jar;C:\Program Files\Java\jre1.8.0_45\lib\jsse.jar;C:\Program Files\Java\jre1.8.0_45\lib\jce.jar;C:\Program Files\Java\jre1.8.0_45\lib\charsets.jar;C:\Program Files\Java\jre1.8.0_45\lib\jfr.jar;C:\Program Files\Java\jre1.8.0_45\classes;C:\Users\Salah\.ivy2\cache\org.scala-lang\scala-library\jars\scala-library-2.11.6.jar
	-classpath
	C:\Users\Salah\Desktop\activator-dist-1.3.5\lost-messages\target\scala-2.11\classes;C:\Users\Salah\Desktop\activator-dist-1.3.5\repository\com.typesafe.akka\akka-actor_2.11\2.3.11\jars\akka-actor_2.11.jar;C:\Users\Salah\.ivy2\cache\com.typesafe\config\bundles\config-1.2.1.jar
Read from stdout: C:\Users\Salah\Desktop\activator-dist-1.3.5\lost-messages\src\main\scala\com\example\FsmSimpleRedelivery.scala:179: Cannot find an implicit ExecutionContext. You might pass
Read from stdout: an (implicit ec: ExecutionContext) parameter to your method
Read from stdout: or import scala.concurrent.ExecutionContext.Implicits.global.
C:\Users\Salah\Desktop\activator-dist-1.3.5\lost-messages\src\main\scala\com\example\FsmSimpleRedelivery.scala:179: Cannot find an implicit ExecutionContext. You might pass
an (implicit ec: ExecutionContext) parameter to your method
or import scala.concurrent.ExecutionContext.Implicits.global.
Read from stdout: context.system.scheduler.scheduleOnce(3.seconds, self, SimpleOrderedRedeliverer.Ackable(from, msg, uuid, seq))
        context.system.scheduler.scheduleOnce(3.seconds, self, SimpleOrderedRedeliverer.Ackable(from, msg, uuid, seq))
Read from stdout: ^
                                             ^
Read from stdout: one error found
one error found
Compilation failed (CompilerInterface)
Read from stdout: (compile:compileIncremental) Compilation failed
(compile:compileIncremental) Compilation failed
Total time: 3 s, completed Jul 29, 2015 10:20:18 AM
> server-post-command-error-handler
> server-post-command-cleanup
> server-handle-next-server-request
> compile
Evaluating tasks: compile:compile
Running task... Cancel: sbt.server.ServerTaskCancellation@3b89aaaa, check cycles: false

Initial source changes: 
	removed:Set()
	added: Set()
	modified: Set(C:\Users\Salah\Desktop\activator-dist-1.3.5\lost-messages\src\main\scala\com\example\FsmSimpleRedelivery.scala)
Removed products: Set()
External API changes: API Changes: Set()
Modified binary dependencies: Set()
Initial directly invalidated sources: Set(C:\Users\Salah\Desktop\activator-dist-1.3.5\lost-messages\src\main\scala\com\example\FsmSimpleRedelivery.scala)

Sources indirectly invalidated by:
	product: Set()
	binary dep: Set()
	external source: Set()
All initially invalidated sources: Set(C:\Users\Salah\Desktop\activator-dist-1.3.5\lost-messages\src\main\scala\com\example\FsmSimpleRedelivery.scala)

Recompiling all 1 sources: invalidated sources (1) exceeded 50.0% of all sources
Read from stdout: Compiling 1 Scala source to C:\Users\Salah\Desktop\activator-dist-1.3.5\lost-messages\target\scala-2.11\classes...
Compiling 1 Scala source to C:\Users\Salah\Desktop\activator-dist-1.3.5\lost-messages\target\scala-2.11\classes...
Getting compiler-interface from component compiler for Scala 2.11.6
Other repositories:
Default repositories:
Getting compiler-interface from component compiler for Scala 2.11.6
Other repositories:
Default repositories:
Running cached compiler ed9226, interfacing (CompilerInterface) with Scala compiler version 2.11.6
Calling Scala compiler with arguments  (CompilerInterface):
	-bootclasspath
	C:\Program Files\Java\jre1.8.0_45\lib\resources.jar;C:\Program Files\Java\jre1.8.0_45\lib\rt.jar;C:\Program Files\Java\jre1.8.0_45\lib\sunrsasign.jar;C:\Program Files\Java\jre1.8.0_45\lib\jsse.jar;C:\Program Files\Java\jre1.8.0_45\lib\jce.jar;C:\Program Files\Java\jre1.8.0_45\lib\charsets.jar;C:\Program Files\Java\jre1.8.0_45\lib\jfr.jar;C:\Program Files\Java\jre1.8.0_45\classes;C:\Users\Salah\.ivy2\cache\org.scala-lang\scala-library\jars\scala-library-2.11.6.jar
	-classpath
	C:\Users\Salah\Desktop\activator-dist-1.3.5\lost-messages\target\scala-2.11\classes;C:\Users\Salah\Desktop\activator-dist-1.3.5\repository\com.typesafe.akka\akka-actor_2.11\2.3.11\jars\akka-actor_2.11.jar;C:\Users\Salah\.ivy2\cache\com.typesafe\config\bundles\config-1.2.1.jar
Scala compilation took 22.20422942 s
New invalidations:
	Set()
Initial set of included nodes: Set()
Previously invalidated, but (transitively) depend on new invalidations:
	Set()
All newly invalidated sources after taking into account (previously) recompiled sources:Set()
Total time: 23 s, completed Jul 29, 2015 10:20:58 AM
> server-post-command-cleanup
> server-handle-next-server-request
> {file:/C:/Users/Salah/Desktop/activator-dist-1.3.5/lost-messages/}lost-messages/compile:discoveredMainClasses
Evaluating tasks: compile:discoveredMainClasses
Running task... Cancel: sbt.server.ServerTaskCancellation@288e34eb, check cycles: false

Initial source changes: 
	removed:Set()
	added: Set()
	modified: Set()
Removed products: Set()
External API changes: API Changes: Set()
Modified binary dependencies: Set()
Initial directly invalidated sources: Set()

Sources indirectly invalidated by:
	product: Set()
	binary dep: Set()
	external source: Set()
All initially invalidated sources: Set()

Total time: 1 s, completed Jul 29, 2015 10:20:59 AM
> server-post-command-cleanup
> server-handle-next-server-request
> {file:/C:/Users/Salah/Desktop/activator-dist-1.3.5/lost-messages/}lost-messages/compile:mainClass
Evaluating tasks: compile:mainClass
Running task... Cancel: sbt.server.ServerTaskCancellation@78179ffb, check cycles: false

Initial source changes: 
	removed:Set()
	added: Set()
	modified: Set()
Removed products: Set()
External API changes: API Changes: Set()
Modified binary dependencies: Set()
Initial directly invalidated sources: Set()

Sources indirectly invalidated by:
	product: Set()
	binary dep: Set()
	external source: Set()
All initially invalidated sources: Set()

Total time: 1 s, completed Jul 29, 2015 10:21:00 AM
> server-post-command-cleanup
> server-handle-next-server-request
> compile
Evaluating tasks: compile:compile
Running task... Cancel: sbt.server.ServerTaskCancellation@721cc440, check cycles: false

Initial source changes: 
	removed:Set()
	added: Set()
	modified: Set()
Removed products: Set()
External API changes: API Changes: Set()
Modified binary dependencies: Set()
Initial directly invalidated sources: Set()

Sources indirectly invalidated by:
	product: Set()
	binary dep: Set()
	external source: Set()
All initially invalidated sources: Set()

Total time: 0 s, completed Jul 29, 2015 10:21:00 AM
> server-post-command-cleanup
> server-handle-next-server-request
> compile
Evaluating tasks: compile:compile
Running task... Cancel: sbt.server.ServerTaskCancellation@5bd440eb, check cycles: false

Initial source changes: 
	removed:Set()
	added: Set()
	modified: Set()
Removed products: Set()
External API changes: API Changes: Set()
Modified binary dependencies: Set()
Initial directly invalidated sources: Set()

Sources indirectly invalidated by:
	product: Set()
	binary dep: Set()
	external source: Set()
All initially invalidated sources: Set()

Total time: 6 s, completed Jul 29, 2015 11:34:22 AM
> server-post-command-cleanup
> server-handle-next-server-request
> {file:/C:/Users/Salah/Desktop/activator-dist-1.3.5/lost-messages/}lost-messages/compile:discoveredMainClasses
Evaluating tasks: compile:discoveredMainClasses
Running task... Cancel: sbt.server.ServerTaskCancellation@58d9501d, check cycles: false

Initial source changes: 
	removed:Set()
	added: Set()
	modified: Set()
Removed products: Set()
External API changes: API Changes: Set()
Modified binary dependencies: Set()
Initial directly invalidated sources: Set()

Sources indirectly invalidated by:
	product: Set()
	binary dep: Set()
	external source: Set()
All initially invalidated sources: Set()

Total time: 1 s, completed Jul 29, 2015 11:34:29 AM
> server-post-command-cleanup
> server-handle-next-server-request
> {file:/C:/Users/Salah/Desktop/activator-dist-1.3.5/lost-messages/}lost-messages/compile:mainClass
Evaluating tasks: compile:mainClass
Running task... Cancel: sbt.server.ServerTaskCancellation@327139d2, check cycles: false

Initial source changes: 
	removed:Set()
	added: Set()
	modified: Set()
Removed products: Set()
External API changes: API Changes: Set()
Modified binary dependencies: Set()
Initial directly invalidated sources: Set()

Sources indirectly invalidated by:
	product: Set()
	binary dep: Set()
	external source: Set()
All initially invalidated sources: Set()

Total time: 1 s, completed Jul 29, 2015 11:34:30 AM
> server-post-command-cleanup
> server-handle-next-server-request
> compile
Evaluating tasks: compile:compile
Running task... Cancel: sbt.server.ServerTaskCancellation@50a25323, check cycles: false

Initial source changes: 
	removed:Set()
	added: Set()
	modified: Set()
Removed products: Set()
External API changes: API Changes: Set()
Modified binary dependencies: Set()
Initial directly invalidated sources: Set()

Sources indirectly invalidated by:
	product: Set()
	binary dep: Set()
	external source: Set()
All initially invalidated sources: Set()

Total time: 1 s, completed Jul 29, 2015 11:34:50 AM
> server-post-command-cleanup
> server-handle-next-server-request
> compile
Evaluating tasks: compile:compile
Running task... Cancel: sbt.server.ServerTaskCancellation@50786c20, check cycles: false

Initial source changes: 
	removed:Set()
	added: Set()
	modified: Set(C:\Users\Salah\Desktop\activator-dist-1.3.5\lost-messages\src\main\scala\com\example\FsmSimpleRedelivery.scala)
Removed products: Set()
External API changes: API Changes: Set()
Modified binary dependencies: Set()
Initial directly invalidated sources: Set(C:\Users\Salah\Desktop\activator-dist-1.3.5\lost-messages\src\main\scala\com\example\FsmSimpleRedelivery.scala)

Sources indirectly invalidated by:
	product: Set()
	binary dep: Set()
	external source: Set()
All initially invalidated sources: Set(C:\Users\Salah\Desktop\activator-dist-1.3.5\lost-messages\src\main\scala\com\example\FsmSimpleRedelivery.scala)

Recompiling all 1 sources: invalidated sources (1) exceeded 50.0% of all sources
Read from stdout: Compiling 1 Scala source to C:\Users\Salah\Desktop\activator-dist-1.3.5\lost-messages\target\scala-2.11\classes...
Compiling 1 Scala source to C:\Users\Salah\Desktop\activator-dist-1.3.5\lost-messages\target\scala-2.11\classes...
Getting compiler-interface from component compiler for Scala 2.11.6
Other repositories:
Default repositories:
Getting compiler-interface from component compiler for Scala 2.11.6
Other repositories:
Default repositories:
Running cached compiler 2ca1b767, interfacing (CompilerInterface) with Scala compiler version 2.11.6
Calling Scala compiler with arguments  (CompilerInterface):
	-bootclasspath
	C:\Program Files\Java\jre1.8.0_45\lib\resources.jar;C:\Program Files\Java\jre1.8.0_45\lib\rt.jar;C:\Program Files\Java\jre1.8.0_45\lib\sunrsasign.jar;C:\Program Files\Java\jre1.8.0_45\lib\jsse.jar;C:\Program Files\Java\jre1.8.0_45\lib\jce.jar;C:\Program Files\Java\jre1.8.0_45\lib\charsets.jar;C:\Program Files\Java\jre1.8.0_45\lib\jfr.jar;C:\Program Files\Java\jre1.8.0_45\classes;C:\Users\Salah\.ivy2\cache\org.scala-lang\scala-library\jars\scala-library-2.11.6.jar
	-classpath
	C:\Users\Salah\Desktop\activator-dist-1.3.5\lost-messages\target\scala-2.11\classes;C:\Users\Salah\Desktop\activator-dist-1.3.5\repository\com.typesafe.akka\akka-actor_2.11\2.3.11\jars\akka-actor_2.11.jar;C:\Users\Salah\.ivy2\cache\com.typesafe\config\bundles\config-1.2.1.jar
Scala compilation took 20.715113322 s
New invalidations:
	Set()
Initial set of included nodes: Set()
Previously invalidated, but (transitively) depend on new invalidations:
	Set()
All newly invalidated sources after taking into account (previously) recompiled sources:Set()
Total time: 22 s, completed Jul 29, 2015 11:36:03 AM
> server-post-command-cleanup
> server-handle-next-server-request
> backgroundRunMain com.example.redelivery.FsmSimpleRedelivery
Evaluating tasks: compile:backgroundRunMain
Running task... Cancel: sbt.server.ServerTaskCancellation@d59e6b2, check cycles: false

Initial source changes: 
	removed:Set()
	added: Set()
	modified: Set()
Removed products: Set()
External API changes: API Changes: Set()
Modified binary dependencies: Set()
Initial directly invalidated sources: Set()

Sources indirectly invalidated by:
	product: Set()
	binary dep: Set()
	external source: Set()
All initially invalidated sources: Set()

Copy resource mappings: 
	
Total time: 2 s, completed Jul 29, 2015 11:36:06 AM
> server-post-command-cleanup
> server-handle-next-server-request
> jobStop 1
Evaluating tasks: *:jobStop
Running task... Cancel: sbt.server.ServerTaskCancellation@79cc8e72, check cycles: false
Total time: 0 s, completed Jul 29, 2015 11:36:31 AM
> server-post-command-cleanup
> server-handle-next-server-request
Exception in thread "sbt-bg-threads-1" java.lang.RuntimeException: Nonzero exit code returned from runner: 1
	at scala.sys.package$.error(package.scala:27)
	at sbt.BuildCommon$$anonfun$toError$1.apply(Defaults.scala:1943)
	at sbt.BuildCommon$$anonfun$toError$1.apply(Defaults.scala:1943)
	at scala.Option.foreach(Option.scala:236)
	at sbt.BuildCommon$class.toError(Defaults.scala:1943)
	at sbt.package$.toError(package.scala:4)
	at sbt.plugins.BackgroundRun$$$$b4c18989468ecd5aa4b4422d7494c6$$$$onfun$apply$6.apply(BackgroundRunPlugin.scala:38)
	at sbt.plugins.BackgroundRun$$$$b4c18989468ecd5aa4b4422d7494c6$$$$onfun$apply$6.apply(BackgroundRunPlugin.scala:37)
	at sbt.BackgroundThreadPool$$anonfun$1.apply$mcV$sp(AbstractBackgroundJobService.scala:134)
	at sbt.BackgroundThreadPool$BackgroundRunnable.run(AbstractBackgroundJobService.scala:68)
	at java.util.concurrent.ThreadPoolExecutor.runWorker(Unknown Source)
	at java.util.concurrent.ThreadPoolExecutor$Worker.run(Unknown Source)
	at java.lang.Thread.run(Unknown Source)
> backgroundRunMain com.example.redelivery.FsmSimpleRedelivery
Evaluating tasks: compile:backgroundRunMain
Running task... Cancel: sbt.server.ServerTaskCancellation@df18c94, check cycles: false

Initial source changes: 
	removed:Set()
	added: Set()
	modified: Set()
Removed products: Set()
External API changes: API Changes: Set()
Modified binary dependencies: Set()
Initial directly invalidated sources: Set()

Sources indirectly invalidated by:
	product: Set()
	binary dep: Set()
	external source: Set()
All initially invalidated sources: Set()

Copy resource mappings: 
	
Total time: 1 s, completed Jul 29, 2015 11:37:37 AM
> server-post-command-cleanup
> server-handle-next-server-request
> jobStop 2
Evaluating tasks: *:jobStop
Running task... Cancel: sbt.server.ServerTaskCancellation@5c240179, check cycles: false
Exception in thread "sbt-bg-threads-3" java.lang.RuntimeException: Nonzero exit code returned from runner: 1
	at scala.sys.package$.error(package.scala:27)
	at sbt.BuildCommon$$anonfun$toError$1.apply(Defaults.scala:1943)
	at sbt.BuildCommon$$anonfun$toError$1.apply(Defaults.scala:1943)
	at scala.Option.foreach(Option.scala:236)
	at sbt.BuildCommon$class.toError(Defaults.scala:1943)
	at sbt.package$.toError(package.scala:4)
	at sbt.plugins.BackgroundRun$$$$b4c18989468ecd5aa4b4422d7494c6$$$$onfun$apply$6.apply(BackgroundRunPlugin.scala:38)
	at sbt.plugins.BackgroundRun$$$$b4c18989468ecd5aa4b4422d7494c6$$$$onfun$apply$6.apply(BackgroundRunPlugin.scala:37)
	at sbt.BackgroundThreadPool$$anonfun$1.apply$mcV$sp(AbstractBackgroundJobService.scala:134)
	at sbt.BackgroundThreadPool$BackgroundRunnable.run(AbstractBackgroundJobService.scala:68)
	at java.util.concurrent.ThreadPoolExecutor.runWorker(Unknown Source)
	at java.util.concurrent.ThreadPoolExecutor$Worker.run(Unknown Source)
	at java.lang.Thread.run(Unknown Source)
Total time: 0 s, completed Jul 29, 2015 11:42:54 AM
> server-post-command-cleanup
> server-handle-next-server-request
> compile
Evaluating tasks: compile:compile
Running task... Cancel: sbt.server.ServerTaskCancellation@8ee9997, check cycles: false

Initial source changes: 
	removed:Set()
	added: Set()
	modified: Set(C:\Users\Salah\Desktop\activator-dist-1.3.5\lost-messages\src\main\scala\com\example\FsmSimpleRedelivery.scala)
Removed products: Set()
External API changes: API Changes: Set()
Modified binary dependencies: Set()
Initial directly invalidated sources: Set(C:\Users\Salah\Desktop\activator-dist-1.3.5\lost-messages\src\main\scala\com\example\FsmSimpleRedelivery.scala)

Sources indirectly invalidated by:
	product: Set()
	binary dep: Set()
	external source: Set()
All initially invalidated sources: Set(C:\Users\Salah\Desktop\activator-dist-1.3.5\lost-messages\src\main\scala\com\example\FsmSimpleRedelivery.scala)

Recompiling all 1 sources: invalidated sources (1) exceeded 50.0% of all sources
Read from stdout: Compiling 1 Scala source to C:\Users\Salah\Desktop\activator-dist-1.3.5\lost-messages\target\scala-2.11\classes...
Compiling 1 Scala source to C:\Users\Salah\Desktop\activator-dist-1.3.5\lost-messages\target\scala-2.11\classes...
Getting compiler-interface from component compiler for Scala 2.11.6
Other repositories:
Default repositories:
Getting compiler-interface from component compiler for Scala 2.11.6
Other repositories:
Default repositories:
Running cached compiler 3b8feed3, interfacing (CompilerInterface) with Scala compiler version 2.11.6
Calling Scala compiler with arguments  (CompilerInterface):
	-bootclasspath
	C:\Program Files\Java\jre1.8.0_45\lib\resources.jar;C:\Program Files\Java\jre1.8.0_45\lib\rt.jar;C:\Program Files\Java\jre1.8.0_45\lib\sunrsasign.jar;C:\Program Files\Java\jre1.8.0_45\lib\jsse.jar;C:\Program Files\Java\jre1.8.0_45\lib\jce.jar;C:\Program Files\Java\jre1.8.0_45\lib\charsets.jar;C:\Program Files\Java\jre1.8.0_45\lib\jfr.jar;C:\Program Files\Java\jre1.8.0_45\classes;C:\Users\Salah\.ivy2\cache\org.scala-lang\scala-library\jars\scala-library-2.11.6.jar
	-classpath
	C:\Users\Salah\Desktop\activator-dist-1.3.5\lost-messages\target\scala-2.11\classes;C:\Users\Salah\Desktop\activator-dist-1.3.5\repository\com.typesafe.akka\akka-actor_2.11\2.3.11\jars\akka-actor_2.11.jar;C:\Users\Salah\.ivy2\cache\com.typesafe\config\bundles\config-1.2.1.jar
Scala compilation took 15.69886988 s
New invalidations:
	Set()
Initial set of included nodes: Set()
Previously invalidated, but (transitively) depend on new invalidations:
	Set()
All newly invalidated sources after taking into account (previously) recompiled sources:Set()
Total time: 17 s, completed Jul 29, 2015 11:43:31 AM
> server-post-command-cleanup
> server-handle-next-server-request
> backgroundRunMain com.example.redelivery.FsmSimpleRedelivery
Evaluating tasks: compile:backgroundRunMain
Running task... Cancel: sbt.server.ServerTaskCancellation@7daa246f, check cycles: false

Initial source changes: 
	removed:Set()
	added: Set()
	modified: Set()
Removed products: Set()
External API changes: API Changes: Set()
Modified binary dependencies: Set()
Initial directly invalidated sources: Set()

Sources indirectly invalidated by:
	product: Set()
	binary dep: Set()
	external source: Set()
All initially invalidated sources: Set()

Copy resource mappings: 
	
Total time: 2 s, completed Jul 29, 2015 11:43:35 AM
> server-post-command-cleanup
> server-handle-next-server-request
> jobStop 3
Evaluating tasks: *:jobStop
Running task... Cancel: sbt.server.ServerTaskCancellation@70203e7, check cycles: false
Exception in thread "sbt-bg-threads-5" java.lang.RuntimeException: Nonzero exit code returned from runner: 1
	at scala.sys.package$.error(package.scala:27)
	at sbt.BuildCommon$$anonfun$toError$1.apply(Defaults.scala:1943)
	at sbt.BuildCommon$$anonfun$toError$1.apply(Defaults.scala:1943)
	at scala.Option.foreach(Option.scala:236)
	at sbt.BuildCommon$class.toError(Defaults.scala:1943)
	at sbt.package$.toError(package.scala:4)
	at sbt.plugins.BackgroundRun$$$$b4c18989468ecd5aa4b4422d7494c6$$$$onfun$apply$6.apply(BackgroundRunPlugin.scala:38)
	at sbt.plugins.BackgroundRun$$$$b4c18989468ecd5aa4b4422d7494c6$$$$onfun$apply$6.apply(BackgroundRunPlugin.scala:37)
	at sbt.BackgroundThreadPool$$anonfun$1.apply$mcV$sp(AbstractBackgroundJobService.scala:134)
	at sbt.BackgroundThreadPool$BackgroundRunnable.run(AbstractBackgroundJobService.scala:68)
	at java.util.concurrent.ThreadPoolExecutor.runWorker(Unknown Source)
	at java.util.concurrent.ThreadPoolExecutor$Worker.run(Unknown Source)
	at java.lang.Thread.run(Unknown Source)
Total time: 0 s, completed Jul 29, 2015 11:44:36 AM
> server-post-command-cleanup
> server-handle-next-server-request
> gen-idea
Not a valid command: gen-idea
Not a valid project ID: gen-idea
Expected ':' (if selecting a configuration)
Not a valid key: gen-idea
gen-idea
        ^
> server-post-command-error-handler
> server-post-command-cleanup
> server-handle-next-server-request
Done executing sbt server engine, result Right(Exit(0))
Closing listening server socket
Waiting for socket thread
Waiting for request processor thread
Waiting for command engine result
Returning control to sbt launcher with result Exit(0)
Closing the 4768@Taamneh logs at Wed Jul 29 11:48:10 CDT 2015, goodbye.
